<?xml version="1.0" encoding="UTF-8" ?>
<testsuite failures="0" time="2.369" errors="2" skipped="0" tests="2" name="org.openmrs.module.dicomecg.api.DicomEcgServiceTest">
  <properties>
    <property name="java.runtime.name" value="Java(TM) SE Runtime Environment"/>
    <property name="sun.boot.library.path" value="C:\Program Files\Java\jdk1.6.0_41\jre\bin"/>
    <property name="java.vm.version" value="20.14-b01"/>
    <property name="java.vm.vendor" value="Sun Microsystems Inc."/>
    <property name="java.vendor.url" value="http://java.sun.com/"/>
    <property name="path.separator" value=";"/>
    <property name="guice.disable.misplaced.annotation.check" value="true"/>
    <property name="java.vm.name" value="Java HotSpot(TM) 64-Bit Server VM"/>
    <property name="file.encoding.pkg" value="sun.io"/>
    <property name="user.country" value="TW"/>
    <property name="sun.java.launcher" value="SUN_STANDARD"/>
    <property name="sun.os.patch.level" value="Service Pack 1"/>
    <property name="java.vm.specification.name" value="Java Virtual Machine Specification"/>
    <property name="user.dir" value="E:\Work64\dicomecg"/>
    <property name="java.runtime.version" value="1.6.0_41-b02"/>
    <property name="java.awt.graphicsenv" value="sun.awt.Win32GraphicsEnvironment"/>
    <property name="java.endorsed.dirs" value="C:\Program Files\Java\jdk1.6.0_41\jre\lib\endorsed"/>
    <property name="os.arch" value="amd64"/>
    <property name="java.io.tmpdir" value="C:\Users\Kuo\AppData\Local\Temp\"/>
    <property name="line.separator" value="
"/>
    <property name="java.vm.specification.vendor" value="Sun Microsystems Inc."/>
    <property name="user.variant" value=""/>
    <property name="os.name" value="Windows 7"/>
    <property name="classworlds.conf" value="E:\Work64\.metadata\.plugins\org.eclipse.m2e.core\launches\m2conf4203065269314609228.tmp"/>
    <property name="sun.jnu.encoding" value="MS950"/>
    <property name="java.library.path" value="C:\Program Files\Java\jdk1.6.0_41\bin;C:\Windows\Sun\Java\bin;C:\Windows\system32;C:\Windows;C:\Program Files (x86)\AMD APP\bin\x86_64;C:\Program Files (x86)\AMD APP\bin\x86;C:\Windows\system32;C:\Windows;C:\Windows\System32\Wbem;C:\Windows\System32\WindowsPowerShell\v1.0\;C:\Program Files (x86)\ATI Technologies\ATI.ACE\Core-Static;C:\maven\bin;C:\Program Files\Java\jdk1.6.0_41\bin;C:\Program Files\SlikSvn\bin\;C:\Program Files (x86)\Microsoft SQL Server\100\Tools\Binn\;C:\Program Files\Microsoft SQL Server\100\Tools\Binn\;C:\Program Files\Microsoft SQL Server\100\DTS\Binn\;C:\Program Files (x86)\Git\cmd;."/>
    <property name="java.specification.name" value="Java Platform API Specification"/>
    <property name="java.class.version" value="50.0"/>
    <property name="sun.management.compiler" value="HotSpot 64-Bit Tiered Compilers"/>
    <property name="os.version" value="6.1"/>
    <property name="user.home" value="C:\Users\Kuo"/>
    <property name="user.timezone" value="Asia/Taipei"/>
    <property name="java.awt.printerjob" value="sun.awt.windows.WPrinterJob"/>
    <property name="file.encoding" value="MS950"/>
    <property name="java.specification.version" value="1.6"/>
    <property name="user.name" value="Kuo"/>
    <property name="java.class.path" value="/C:/eclipse/configuration/org.eclipse.osgi/bundles/818/1/.cp/jars/plexus-classworlds-2.4.jar"/>
    <property name="java.vm.specification.version" value="1.0"/>
    <property name="sun.arch.data.model" value="64"/>
    <property name="java.home" value="C:\Program Files\Java\jdk1.6.0_41\jre"/>
    <property name="sun.java.command" value="org.codehaus.plexus.classworlds.launcher.Launcher -B clean install"/>
    <property name="java.specification.vendor" value="Sun Microsystems Inc."/>
    <property name="user.language" value="zh"/>
    <property name="awt.toolkit" value="sun.awt.windows.WToolkit"/>
    <property name="java.vm.info" value="mixed mode"/>
    <property name="java.version" value="1.6.0_41"/>
    <property name="java.ext.dirs" value="C:\Program Files\Java\jdk1.6.0_41\jre\lib\ext;C:\Windows\Sun\Java\lib\ext"/>
    <property name="sun.boot.class.path" value="C:\Program Files\Java\jdk1.6.0_41\jre\lib\resources.jar;C:\Program Files\Java\jdk1.6.0_41\jre\lib\rt.jar;C:\Program Files\Java\jdk1.6.0_41\jre\lib\jsse.jar;C:\Program Files\Java\jdk1.6.0_41\jre\lib\jce.jar;C:\Program Files\Java\jdk1.6.0_41\jre\lib\charsets.jar;C:\Program Files\Java\jdk1.6.0_41\lib\tools.jar"/>
    <property name="java.vendor" value="Sun Microsystems Inc."/>
    <property name="maven.home" value="E:\Work64\dicomecg\EMBEDDED"/>
    <property name="file.separator" value="\"/>
    <property name="java.vendor.url.bug" value="http://java.sun.com/cgi-bin/bugreport.cgi"/>
    <property name="sun.cpu.endian" value="little"/>
    <property name="sun.io.unicode.encoding" value="UnicodeLittle"/>
    <property name="sun.desktop" value="windows"/>
    <property name="sun.cpu.isalist" value="amd64"/>
  </properties>
  <testcase time="2.129" classname="org.openmrs.module.dicomecg.api.DicomEcgServiceTest" name="shouldSetupContext">
    <error message="Failed to load ApplicationContext" type="java.lang.IllegalStateException">java.lang.IllegalStateException: Failed to load ApplicationContext
	at org.springframework.test.context.TestContext.getApplicationContext(TestContext.java:308)
	at org.springframework.test.context.support.DependencyInjectionTestExecutionListener.injectDependencies(DependencyInjectionTestExecutionListener.java:109)
	at org.springframework.test.context.support.DependencyInjectionTestExecutionListener.prepareTestInstance(DependencyInjectionTestExecutionListener.java:75)
	at org.springframework.test.context.TestContextManager.prepareTestInstance(TestContextManager.java:321)
	at org.springframework.test.context.junit4.SpringJUnit4ClassRunner.createTest(SpringJUnit4ClassRunner.java:220)
	at org.springframework.test.context.junit4.SpringJUnit4ClassRunner$1.runReflectiveCall(SpringJUnit4ClassRunner.java:301)
	at org.junit.internal.runners.model.ReflectiveCallable.run(ReflectiveCallable.java:15)
	at org.springframework.test.context.junit4.SpringJUnit4ClassRunner.methodBlock(SpringJUnit4ClassRunner.java:303)
	at org.springframework.test.context.junit4.SpringJUnit4ClassRunner.runChild(SpringJUnit4ClassRunner.java:240)
	at org.junit.runners.BlockJUnit4ClassRunner.runChild(BlockJUnit4ClassRunner.java:50)
	at org.junit.runners.ParentRunner$3.run(ParentRunner.java:193)
	at org.junit.runners.ParentRunner$1.schedule(ParentRunner.java:52)
	at org.junit.runners.ParentRunner.runChildren(ParentRunner.java:191)
	at org.junit.runners.ParentRunner.access$000(ParentRunner.java:42)
	at org.junit.runners.ParentRunner$2.evaluate(ParentRunner.java:184)
	at org.springframework.test.context.junit4.statements.RunBeforeTestClassCallbacks.evaluate(RunBeforeTestClassCallbacks.java:61)
	at org.junit.internal.runners.statements.RunAfters.evaluate(RunAfters.java:31)
	at org.springframework.test.context.junit4.statements.RunAfterTestClassCallbacks.evaluate(RunAfterTestClassCallbacks.java:70)
	at org.junit.runners.ParentRunner.run(ParentRunner.java:236)
	at org.springframework.test.context.junit4.SpringJUnit4ClassRunner.run(SpringJUnit4ClassRunner.java:180)
	at org.apache.maven.surefire.junit4.JUnit4TestSet.execute(JUnit4TestSet.java:53)
	at org.apache.maven.surefire.junit4.JUnit4Provider.executeTestSet(JUnit4Provider.java:123)
	at org.apache.maven.surefire.junit4.JUnit4Provider.invoke(JUnit4Provider.java:104)
	at sun.reflect.NativeMethodAccessorImpl.invoke0(Native Method)
	at sun.reflect.NativeMethodAccessorImpl.invoke(NativeMethodAccessorImpl.java:39)
	at sun.reflect.DelegatingMethodAccessorImpl.invoke(DelegatingMethodAccessorImpl.java:25)
	at java.lang.reflect.Method.invoke(Method.java:597)
	at org.apache.maven.surefire.util.ReflectionUtils.invokeMethodWithArray(ReflectionUtils.java:164)
	at org.apache.maven.surefire.booter.ProviderFactory$ProviderProxy.invoke(ProviderFactory.java:110)
	at org.apache.maven.surefire.booter.SurefireStarter.invokeProvider(SurefireStarter.java:175)
	at org.apache.maven.surefire.booter.SurefireStarter.runSuitesInProcessWhenForked(SurefireStarter.java:107)
	at org.apache.maven.surefire.booter.ForkedBooter.main(ForkedBooter.java:68)
Caused by: org.springframework.beans.factory.BeanCreationException: Error creating bean with name &apos;org.springframework.transaction.interceptor.TransactionAttributeSourceAdvisor#0&apos; defined in class path resource [applicationContext-service.xml]: Cannot resolve reference to bean &apos;transactionInterceptor&apos; while setting bean property &apos;transactionInterceptor&apos;; nested exception is org.springframework.beans.factory.BeanCreationException: Error creating bean with name &apos;transactionInterceptor&apos; defined in class path resource [applicationContext-service.xml]: Cannot resolve reference to bean &apos;transactionManager&apos; while setting bean property &apos;transactionManager&apos;; nested exception is org.springframework.beans.factory.BeanCreationException: Error creating bean with name &apos;transactionManager&apos; defined in class path resource [applicationContext-service.xml]: Cannot resolve reference to bean &apos;sessionFactory&apos; while setting bean property &apos;sessionFactory&apos;; nested exception is org.springframework.beans.factory.BeanCreationException: Error creating bean with name &apos;sessionFactory&apos;: Injection of autowired dependencies failed; nested exception is org.springframework.beans.factory.BeanCreationException: Could not autowire field: public java.util.Map org.openmrs.api.db.hibernate.HibernateSessionFactoryBean.interceptors; nested exception is org.springframework.beans.factory.CannotLoadBeanClassException: Cannot find class [org.openmrs.module.dicomecg.web.controller.DicomEcgPortletController] for bean with name &apos;dicomEcgPortletController&apos; defined in URL [file:/E:/Work64/dicomecg/api/target/classes/moduleApplicationContext.xml]; nested exception is java.lang.ClassNotFoundException: org.openmrs.module.dicomecg.web.controller.DicomEcgPortletController
Related cause: org.springframework.beans.factory.CannotLoadBeanClassException: Cannot find class [org.openmrs.module.dicomecg.web.controller.DicomEcgPortletController] for bean with name &apos;dicomEcgPortletController&apos; defined in URL [file:/E:/Work64/dicomecg/api/target/classes/moduleApplicationContext.xml]; nested exception is java.lang.ClassNotFoundException: org.openmrs.module.dicomecg.web.controller.DicomEcgPortletController
Related cause: org.springframework.beans.factory.BeanCreationException: Error creating bean with name &apos;patientService&apos; defined in class path resource [applicationContext-service.xml]: Cannot resolve reference to bean &apos;patientServiceTarget&apos; while setting bean property &apos;target&apos;; nested exception is org.springframework.beans.factory.BeanCreationException: Error creating bean with name &apos;patientServiceTarget&apos; defined in class path resource [applicationContext-service.xml]: Cannot resolve reference to bean &apos;patientDAO&apos; while setting bean property &apos;patientDAO&apos;; nested exception is org.springframework.beans.factory.BeanCreationException: Error creating bean with name &apos;patientDAO&apos; defined in class path resource [applicationContext-service.xml]: Cannot resolve reference to bean &apos;sessionFactory&apos; while setting bean property &apos;sessionFactory&apos;; nested exception is org.springframework.beans.factory.BeanCurrentlyInCreationException: Error creating bean with name &apos;sessionFactory&apos;: FactoryBean which is currently in creation returned null from getObject
Related cause: org.springframework.beans.factory.BeanCreationException: Error creating bean with name &apos;personService&apos; defined in class path resource [applicationContext-service.xml]: Cannot resolve reference to bean &apos;personServiceTarget&apos; while setting bean property &apos;target&apos;; nested exception is org.springframework.beans.factory.BeanCreationException: Error creating bean with name &apos;personServiceTarget&apos; defined in class path resource [applicationContext-service.xml]: Cannot resolve reference to bean &apos;personDAO&apos; while setting bean property &apos;personDAO&apos;; nested exception is org.springframework.beans.factory.BeanCreationException: Error creating bean with name &apos;personDAO&apos; defined in class path resource [applicationContext-service.xml]: Cannot resolve reference to bean &apos;sessionFactory&apos; while setting bean property &apos;sessionFactory&apos;; nested exception is org.springframework.beans.factory.BeanCurrentlyInCreationException: Error creating bean with name &apos;sessionFactory&apos;: FactoryBean which is currently in creation returned null from getObject
Related cause: org.springframework.beans.factory.BeanCreationException: Error creating bean with name &apos;conceptService&apos; defined in class path resource [applicationContext-service.xml]: Cannot resolve reference to bean &apos;conceptServiceTarget&apos; while setting bean property &apos;target&apos;; nested exception is org.springframework.beans.factory.BeanCreationException: Error creating bean with name &apos;conceptServiceTarget&apos; defined in class path resource [applicationContext-service.xml]: Cannot resolve reference to bean &apos;conceptDAO&apos; while setting bean property &apos;conceptDAO&apos;; nested exception is org.springframework.beans.factory.BeanCreationException: Error creating bean with name &apos;conceptDAO&apos; defined in class path resource [applicationContext-service.xml]: Cannot resolve reference to bean &apos;sessionFactory&apos; while setting bean property &apos;sessionFactory&apos;; nested exception is org.springframework.beans.factory.BeanCurrentlyInCreationException: Error creating bean with name &apos;sessionFactory&apos;: FactoryBean which is currently in creation returned null from getObject
Related cause: org.springframework.beans.factory.BeanCreationException: Error creating bean with name &apos;userService&apos; defined in class path resource [applicationContext-service.xml]: Cannot resolve reference to bean &apos;userServiceTarget&apos; while setting bean property &apos;target&apos;; nested exception is org.springframework.beans.factory.BeanCreationException: Error creating bean with name &apos;userServiceTarget&apos; defined in class path resource [applicationContext-service.xml]: Cannot resolve reference to bean &apos;userDAO&apos; while setting bean property &apos;userDAO&apos;; nested exception is org.springframework.beans.factory.BeanCreationException: Error creating bean with name &apos;userDAO&apos; defined in class path resource [applicationContext-service.xml]: Cannot resolve reference to bean &apos;sessionFactory&apos; while setting bean property &apos;sessionFactory&apos;; nested exception is org.springframework.beans.factory.BeanCurrentlyInCreationException: Error creating bean with name &apos;sessionFactory&apos;: FactoryBean which is currently in creation returned null from getObject
Related cause: org.springframework.beans.factory.BeanCreationException: Error creating bean with name &apos;obsService&apos; defined in class path resource [applicationContext-service.xml]: Cannot resolve reference to bean &apos;obsServiceTarget&apos; while setting bean property &apos;target&apos;; nested exception is org.springframework.beans.factory.BeanCreationException: Error creating bean with name &apos;obsServiceTarget&apos; defined in class path resource [applicationContext-service.xml]: Cannot resolve reference to bean &apos;obsDAO&apos; while setting bean property &apos;obsDAO&apos;; nested exception is org.springframework.beans.factory.BeanCreationException: Error creating bean with name &apos;obsDAO&apos; defined in class path resource [applicationContext-service.xml]: Cannot resolve reference to bean &apos;sessionFactory&apos; while setting bean property &apos;sessionFactory&apos;; nested exception is org.springframework.beans.factory.BeanCurrentlyInCreationException: Error creating bean with name &apos;sessionFactory&apos;: FactoryBean which is currently in creation returned null from getObject
Related cause: org.springframework.beans.factory.BeanCreationException: Error creating bean with name &apos;encounterService&apos; defined in class path resource [applicationContext-service.xml]: Cannot resolve reference to bean &apos;encounterServiceTarget&apos; while setting bean property &apos;target&apos;; nested exception is org.springframework.beans.factory.BeanCreationException: Error creating bean with name &apos;encounterServiceTarget&apos; defined in class path resource [applicationContext-service.xml]: Cannot resolve reference to bean &apos;encounterDAO&apos; while setting bean property &apos;encounterDAO&apos;; nested exception is org.springframework.beans.factory.BeanCreationException: Error creating bean with name &apos;encounterDAO&apos; defined in class path resource [applicationContext-service.xml]: Cannot resolve reference to bean &apos;sessionFactory&apos; while setting bean property &apos;sessionFactory&apos;; nested exception is org.springframework.beans.factory.BeanCurrentlyInCreationException: Error creating bean with name &apos;sessionFactory&apos;: FactoryBean which is currently in creation returned null from getObject
Related cause: org.springframework.beans.factory.BeanCreationException: Error creating bean with name &apos;locationService&apos; defined in class path resource [applicationContext-service.xml]: Cannot resolve reference to bean &apos;locationServiceTarget&apos; while setting bean property &apos;target&apos;; nested exception is org.springframework.beans.factory.BeanCreationException: Error creating bean with name &apos;locationServiceTarget&apos; defined in class path resource [applicationContext-service.xml]: Cannot resolve reference to bean &apos;locationDAO&apos; while setting bean property &apos;locationDAO&apos;; nested exception is org.springframework.beans.factory.BeanCreationException: Error creating bean with name &apos;locationDAO&apos; defined in class path resource [applicationContext-service.xml]: Cannot resolve reference to bean &apos;sessionFactory&apos; while setting bean property &apos;sessionFactory&apos;; nested exception is org.springframework.beans.factory.BeanCurrentlyInCreationException: Error creating bean with name &apos;sessionFactory&apos;: FactoryBean which is currently in creation returned null from getObject
Related cause: org.springframework.beans.factory.BeanCreationException: Error creating bean with name &apos;orderService&apos; defined in class path resource [applicationContext-service.xml]: Cannot resolve reference to bean &apos;orderServiceTarget&apos; while setting bean property &apos;target&apos;; nested exception is org.springframework.beans.factory.BeanCreationException: Error creating bean with name &apos;orderServiceTarget&apos; defined in class path resource [applicationContext-service.xml]: Cannot resolve reference to bean &apos;orderDAO&apos; while setting bean property &apos;orderDAO&apos;; nested exception is org.springframework.beans.factory.BeanCreationException: Error creating bean with name &apos;orderDAO&apos; defined in class path resource [applicationContext-service.xml]: Cannot resolve reference to bean &apos;sessionFactory&apos; while setting bean property &apos;sessionFactory&apos;; nested exception is org.springframework.beans.factory.BeanCurrentlyInCreationException: Error creating bean with name &apos;sessionFactory&apos;: FactoryBean which is currently in creation returned null from getObject
Related cause: org.springframework.beans.factory.BeanCreationException: Error creating bean with name &apos;formService&apos; defined in class path resource [applicationContext-service.xml]: Cannot resolve reference to bean &apos;formServiceTarget&apos; while setting bean property &apos;target&apos;; nested exception is org.springframework.beans.factory.BeanCreationException: Error creating bean with name &apos;formServiceTarget&apos; defined in class path resource [applicationContext-service.xml]: Cannot resolve reference to bean &apos;formDAO&apos; while setting bean property &apos;formDAO&apos;; nested exception is org.springframework.beans.factory.BeanCreationException: Error creating bean with name &apos;formDAO&apos; defined in class path resource [applicationContext-service.xml]: Cannot resolve reference to bean &apos;sessionFactory&apos; while setting bean property &apos;sessionFactory&apos;; nested exception is org.springframework.beans.factory.BeanCurrentlyInCreationException: Error creating bean with name &apos;sessionFactory&apos;: FactoryBean which is currently in creation returned null from getObject
Related cause: org.springframework.beans.factory.BeanCreationException: Error creating bean with name &apos;adminService&apos; defined in class path resource [applicationContext-service.xml]: Cannot resolve reference to bean &apos;adminServiceTarget&apos; while setting bean property &apos;target&apos;; nested exception is org.springframework.beans.factory.BeanCreationException: Error creating bean with name &apos;adminServiceTarget&apos; defined in class path resource [applicationContext-service.xml]: Cannot resolve reference to bean &apos;adminDAO&apos; while setting bean property &apos;administrationDAO&apos;; nested exception is org.springframework.beans.factory.BeanCreationException: Error creating bean with name &apos;adminDAO&apos; defined in class path resource [applicationContext-service.xml]: Cannot resolve reference to bean &apos;sessionFactory&apos; while setting bean property &apos;sessionFactory&apos;; nested exception is org.springframework.beans.factory.BeanCurrentlyInCreationException: Error creating bean with name &apos;sessionFactory&apos;: FactoryBean which is currently in creation returned null from getObject
Related cause: org.springframework.beans.factory.BeanCreationException: Error creating bean with name &apos;datatypeService&apos; defined in class path resource [applicationContext-service.xml]: Cannot resolve reference to bean &apos;datatypeServiceTarget&apos; while setting bean property &apos;target&apos;; nested exception is org.springframework.beans.factory.BeanCreationException: Error creating bean with name &apos;datatypeServiceTarget&apos; defined in class path resource [applicationContext-service.xml]: Cannot resolve reference to bean &apos;datatypeDAO&apos; while setting bean property &apos;dao&apos;; nested exception is org.springframework.beans.factory.BeanCreationException: Error creating bean with name &apos;datatypeDAO&apos; defined in class path resource [applicationContext-service.xml]: Cannot resolve reference to bean &apos;sessionFactory&apos; while setting bean property &apos;sessionFactory&apos;; nested exception is org.springframework.beans.factory.BeanCurrentlyInCreationException: Error creating bean with name &apos;sessionFactory&apos;: FactoryBean which is currently in creation returned null from getObject
Related cause: org.springframework.beans.factory.BeanCreationException: Error creating bean with name &apos;programWorkflowService&apos; defined in class path resource [applicationContext-service.xml]: Cannot resolve reference to bean &apos;programWorkflowServiceTarget&apos; while setting bean property &apos;target&apos;; nested exception is org.springframework.beans.factory.BeanCreationException: Error creating bean with name &apos;programWorkflowServiceTarget&apos; defined in class path resource [applicationContext-service.xml]: Cannot resolve reference to bean &apos;programWorkflowDAO&apos; while setting bean property &apos;programWorkflowDAO&apos;; nested exception is org.springframework.beans.factory.BeanCreationException: Error creating bean with name &apos;programWorkflowDAO&apos; defined in class path resource [applicationContext-service.xml]: Cannot resolve reference to bean &apos;sessionFactory&apos; while setting bean property &apos;sessionFactory&apos;; nested exception is org.springframework.beans.factory.BeanCurrentlyInCreationException: Error creating bean with name &apos;sessionFactory&apos;: FactoryBean which is currently in creation returned null from getObject
Related cause: org.springframework.beans.factory.BeanCreationException: Error creating bean with name &apos;messageService&apos; defined in class path resource [applicationContext-service.xml]: Cannot resolve reference to bean &apos;messageServiceTarget&apos; while setting bean property &apos;target&apos;; nested exception is org.springframework.beans.factory.BeanCreationException: Error creating bean with name &apos;messageServiceTarget&apos; defined in class path resource [applicationContext-service.xml]: Cannot resolve reference to bean &apos;templateDAO&apos; while setting bean property &apos;templateDAO&apos;; nested exception is org.springframework.beans.factory.BeanCreationException: Error creating bean with name &apos;templateDAO&apos; defined in class path resource [applicationContext-service.xml]: Cannot resolve reference to bean &apos;sessionFactory&apos; while setting bean property &apos;sessionFactory&apos;; nested exception is org.springframework.beans.factory.BeanCurrentlyInCreationException: Error creating bean with name &apos;sessionFactory&apos;: FactoryBean which is currently in creation returned null from getObject
Related cause: org.springframework.beans.factory.BeanCreationException: Error creating bean with name &apos;patientSetService&apos; defined in class path resource [applicationContext-service.xml]: Cannot resolve reference to bean &apos;patientSetServiceTarget&apos; while setting bean property &apos;target&apos;; nested exception is org.springframework.beans.factory.BeanCreationException: Error creating bean with name &apos;patientSetServiceTarget&apos; defined in class path resource [applicationContext-service.xml]: Cannot resolve reference to bean &apos;patientSetDAO&apos; while setting bean property &apos;patientSetDAO&apos;; nested exception is org.springframework.beans.factory.BeanCreationException: Error creating bean with name &apos;patientSetDAO&apos; defined in class path resource [applicationContext-service.xml]: Cannot resolve reference to bean &apos;sessionFactory&apos; while setting bean property &apos;sessionFactory&apos;; nested exception is org.springframework.beans.factory.BeanCurrentlyInCreationException: Error creating bean with name &apos;sessionFactory&apos;: FactoryBean which is currently in creation returned null from getObject
Related cause: org.springframework.beans.factory.BeanCreationException: Error creating bean with name &apos;cohortService&apos; defined in class path resource [applicationContext-service.xml]: Cannot resolve reference to bean &apos;cohortServiceTarget&apos; while setting bean property &apos;target&apos;; nested exception is org.springframework.beans.factory.BeanCreationException: Error creating bean with name &apos;cohortServiceTarget&apos; defined in class path resource [applicationContext-service.xml]: Cannot resolve reference to bean &apos;cohortDAO&apos; while setting bean property &apos;cohortDAO&apos;; nested exception is org.springframework.beans.factory.BeanCreationException: Error creating bean with name &apos;cohortDAO&apos; defined in class path resource [applicationContext-service.xml]: Cannot resolve reference to bean &apos;sessionFactory&apos; while setting bean property &apos;sessionFactory&apos;; nested exception is org.springframework.beans.factory.BeanCurrentlyInCreationException: Error creating bean with name &apos;sessionFactory&apos;: FactoryBean which is currently in creation returned null from getObject
Related cause: org.springframework.beans.factory.BeanCreationException: Error creating bean with name &apos;schedulerService&apos; defined in class path resource [applicationContext-service.xml]: Cannot resolve reference to bean &apos;schedulerServiceTarget&apos; while setting bean property &apos;target&apos;; nested exception is org.springframework.beans.factory.BeanCreationException: Error creating bean with name &apos;schedulerServiceTarget&apos; defined in class path resource [applicationContext-service.xml]: Cannot resolve reference to bean &apos;schedulerDAO&apos; while setting bean property &apos;schedulerDAO&apos;; nested exception is org.springframework.beans.factory.BeanCreationException: Error creating bean with name &apos;schedulerDAO&apos; defined in class path resource [applicationContext-service.xml]: Cannot resolve reference to bean &apos;sessionFactory&apos; while setting bean property &apos;sessionFactory&apos;; nested exception is org.springframework.beans.factory.BeanCurrentlyInCreationException: Error creating bean with name &apos;sessionFactory&apos;: FactoryBean which is currently in creation returned null from getObject
Related cause: org.springframework.beans.factory.BeanCreationException: Error creating bean with name &apos;alertService&apos; defined in class path resource [applicationContext-service.xml]: Cannot resolve reference to bean &apos;alertServiceTarget&apos; while setting bean property &apos;target&apos;; nested exception is org.springframework.beans.factory.BeanCreationException: Error creating bean with name &apos;alertServiceTarget&apos; defined in class path resource [applicationContext-service.xml]: Cannot resolve reference to bean &apos;alertDAO&apos; while setting bean property &apos;alertDAO&apos;; nested exception is org.springframework.beans.factory.BeanCreationException: Error creating bean with name &apos;alertDAO&apos; defined in class path resource [applicationContext-service.xml]: Cannot resolve reference to bean &apos;sessionFactory&apos; while setting bean property &apos;sessionFactory&apos;; nested exception is org.springframework.beans.factory.BeanCurrentlyInCreationException: Error creating bean with name &apos;sessionFactory&apos;: FactoryBean which is currently in creation returned null from getObject
Related cause: org.springframework.beans.factory.BeanCreationException: Error creating bean with name &apos;reportService&apos; defined in class path resource [applicationContext-service.xml]: Cannot resolve reference to bean &apos;reportServiceTarget&apos; while setting bean property &apos;target&apos;; nested exception is org.springframework.beans.factory.BeanCreationException: Error creating bean with name &apos;reportServiceTarget&apos; defined in class path resource [applicationContext-service.xml]: Cannot resolve reference to bean &apos;reportDAO&apos; while setting bean property &apos;reportDAO&apos;; nested exception is org.springframework.beans.factory.BeanCreationException: Error creating bean with name &apos;reportDAO&apos; defined in class path resource [applicationContext-service.xml]: Cannot resolve reference to bean &apos;sessionFactory&apos; while setting bean property &apos;sessionFactory&apos;; nested exception is org.springframework.beans.factory.BeanCurrentlyInCreationException: Error creating bean with name &apos;sessionFactory&apos;: FactoryBean which is currently in creation returned null from getObject
Related cause: org.springframework.beans.factory.BeanCreationException: Error creating bean with name &apos;reportObjectService&apos; defined in class path resource [applicationContext-service.xml]: Cannot resolve reference to bean &apos;reportObjectServiceTarget&apos; while setting bean property &apos;target&apos;; nested exception is org.springframework.beans.factory.BeanCreationException: Error creating bean with name &apos;reportObjectServiceTarget&apos; defined in class path resource [applicationContext-service.xml]: Cannot resolve reference to bean &apos;reportObjectDAO&apos; while setting bean property &apos;reportObjectDAO&apos;; nested exception is org.springframework.beans.factory.BeanCreationException: Error creating bean with name &apos;reportObjectDAO&apos; defined in class path resource [applicationContext-service.xml]: Cannot resolve reference to bean &apos;sessionFactory&apos; while setting bean property &apos;sessionFactory&apos;; nested exception is org.springframework.beans.factory.BeanCurrentlyInCreationException: Error creating bean with name &apos;sessionFactory&apos;: FactoryBean which is currently in creation returned null from getObject
Related cause: org.springframework.beans.factory.BeanCreationException: Error creating bean with name &apos;hL7Service&apos; defined in class path resource [applicationContext-service.xml]: Cannot resolve reference to bean &apos;hL7ServiceTarget&apos; while setting bean property &apos;target&apos;; nested exception is org.springframework.beans.factory.BeanCreationException: Error creating bean with name &apos;hL7ServiceTarget&apos; defined in class path resource [applicationContext-service.xml]: Cannot resolve reference to bean &apos;hL7DAO&apos; while setting bean property &apos;HL7DAO&apos;; nested exception is org.springframework.beans.factory.BeanCreationException: Error creating bean with name &apos;hL7DAO&apos; defined in class path resource [applicationContext-service.xml]: Cannot resolve reference to bean &apos;sessionFactory&apos; while setting bean property &apos;sessionFactory&apos;; nested exception is org.springframework.beans.factory.BeanCurrentlyInCreationException: Error creating bean with name &apos;sessionFactory&apos;: FactoryBean which is currently in creation returned null from getObject
Related cause: org.springframework.beans.factory.BeanCreationException: Error creating bean with name &apos;activeListService&apos; defined in class path resource [applicationContext-service.xml]: Cannot resolve reference to bean &apos;activeListServiceTarget&apos; while setting bean property &apos;target&apos;; nested exception is org.springframework.beans.factory.BeanCreationException: Error creating bean with name &apos;activeListServiceTarget&apos; defined in class path resource [applicationContext-service.xml]: Cannot resolve reference to bean &apos;activeListDAO&apos; while setting bean property &apos;activeListDAO&apos;; nested exception is org.springframework.beans.factory.BeanCreationException: Error creating bean with name &apos;activeListDAO&apos; defined in class path resource [applicationContext-service.xml]: Cannot resolve reference to bean &apos;sessionFactory&apos; while setting bean property &apos;sessionFactory&apos;; nested exception is org.springframework.beans.factory.BeanCurrentlyInCreationException: Error creating bean with name &apos;sessionFactory&apos;: FactoryBean which is currently in creation returned null from getObject
Related cause: org.springframework.beans.factory.BeanCreationException: Error creating bean with name &apos;visitService&apos; defined in class path resource [applicationContext-service.xml]: Cannot resolve reference to bean &apos;visitServiceTarget&apos; while setting bean property &apos;target&apos;; nested exception is org.springframework.beans.factory.BeanCreationException: Error creating bean with name &apos;visitServiceTarget&apos; defined in class path resource [applicationContext-service.xml]: Cannot resolve reference to bean &apos;visitDAO&apos; while setting bean property &apos;visitDAO&apos;; nested exception is org.springframework.beans.factory.BeanCreationException: Error creating bean with name &apos;visitDAO&apos; defined in class path resource [applicationContext-service.xml]: Cannot resolve reference to bean &apos;sessionFactory&apos; while setting bean property &apos;sessionFactory&apos;; nested exception is org.springframework.beans.factory.BeanCurrentlyInCreationException: Error creating bean with name &apos;sessionFactory&apos;: FactoryBean which is currently in creation returned null from getObject
Related cause: org.springframework.beans.factory.BeanCreationException: Error creating bean with name &apos;providerService&apos; defined in class path resource [applicationContext-service.xml]: Cannot resolve reference to bean &apos;providerServiceTarget&apos; while setting bean property &apos;target&apos;; nested exception is org.springframework.beans.factory.BeanCreationException: Error creating bean with name &apos;providerServiceTarget&apos; defined in class path resource [applicationContext-service.xml]: Cannot resolve reference to bean &apos;providerDAO&apos; while setting bean property &apos;providerDAO&apos;; nested exception is org.springframework.beans.factory.BeanCreationException: Error creating bean with name &apos;providerDAO&apos; defined in class path resource [applicationContext-service.xml]: Cannot resolve reference to bean &apos;sessionFactory&apos; while setting bean property &apos;sessionFactory&apos;; nested exception is org.springframework.beans.factory.BeanCurrentlyInCreationException: Error creating bean with name &apos;sessionFactory&apos;: FactoryBean which is currently in creation returned null from getObject
	at org.springframework.beans.factory.support.BeanDefinitionValueResolver.resolveReference(BeanDefinitionValueResolver.java:328)
	at org.springframework.beans.factory.support.BeanDefinitionValueResolver.resolveValueIfNecessary(BeanDefinitionValueResolver.java:106)
	at org.springframework.beans.factory.support.AbstractAutowireCapableBeanFactory.applyPropertyValues(AbstractAutowireCapableBeanFactory.java:1325)
	at org.springframework.beans.factory.support.AbstractAutowireCapableBeanFactory.populateBean(AbstractAutowireCapableBeanFactory.java:1086)
	at org.springframework.beans.factory.support.AbstractAutowireCapableBeanFactory.doCreateBean(AbstractAutowireCapableBeanFactory.java:517)
	at org.springframework.beans.factory.support.AbstractAutowireCapableBeanFactory.createBean(AbstractAutowireCapableBeanFactory.java:456)
	at org.springframework.beans.factory.support.AbstractBeanFactory$1.getObject(AbstractBeanFactory.java:291)
	at org.springframework.beans.factory.support.DefaultSingletonBeanRegistry.getSingleton(DefaultSingletonBeanRegistry.java:222)
	at org.springframework.beans.factory.support.AbstractBeanFactory.doGetBean(AbstractBeanFactory.java:288)
	at org.springframework.beans.factory.support.AbstractBeanFactory.getBean(AbstractBeanFactory.java:190)
	at org.springframework.beans.factory.support.DefaultListableBeanFactory.preInstantiateSingletons(DefaultListableBeanFactory.java:580)
	at org.springframework.context.support.AbstractApplicationContext.finishBeanFactoryInitialization(AbstractApplicationContext.java:895)
	at org.springframework.context.support.AbstractApplicationContext.refresh(AbstractApplicationContext.java:425)
	at org.springframework.test.context.support.AbstractGenericContextLoader.loadContext(AbstractGenericContextLoader.java:84)
	at org.springframework.test.context.support.AbstractGenericContextLoader.loadContext(AbstractGenericContextLoader.java:1)
	at org.springframework.test.context.TestContext.loadApplicationContext(TestContext.java:280)
	at org.springframework.test.context.TestContext.getApplicationContext(TestContext.java:304)
	... 31 more
Caused by: org.springframework.beans.factory.BeanCreationException: Error creating bean with name &apos;transactionInterceptor&apos; defined in class path resource [applicationContext-service.xml]: Cannot resolve reference to bean &apos;transactionManager&apos; while setting bean property &apos;transactionManager&apos;; nested exception is org.springframework.beans.factory.BeanCreationException: Error creating bean with name &apos;transactionManager&apos; defined in class path resource [applicationContext-service.xml]: Cannot resolve reference to bean &apos;sessionFactory&apos; while setting bean property &apos;sessionFactory&apos;; nested exception is org.springframework.beans.factory.BeanCreationException: Error creating bean with name &apos;sessionFactory&apos;: Injection of autowired dependencies failed; nested exception is org.springframework.beans.factory.BeanCreationException: Could not autowire field: public java.util.Map org.openmrs.api.db.hibernate.HibernateSessionFactoryBean.interceptors; nested exception is org.springframework.beans.factory.CannotLoadBeanClassException: Cannot find class [org.openmrs.module.dicomecg.web.controller.DicomEcgPortletController] for bean with name &apos;dicomEcgPortletController&apos; defined in URL [file:/E:/Work64/dicomecg/api/target/classes/moduleApplicationContext.xml]; nested exception is java.lang.ClassNotFoundException: org.openmrs.module.dicomecg.web.controller.DicomEcgPortletController
	at org.springframework.beans.factory.support.BeanDefinitionValueResolver.resolveReference(BeanDefinitionValueResolver.java:328)
	at org.springframework.beans.factory.support.BeanDefinitionValueResolver.resolveValueIfNecessary(BeanDefinitionValueResolver.java:106)
	at org.springframework.beans.factory.support.AbstractAutowireCapableBeanFactory.applyPropertyValues(AbstractAutowireCapableBeanFactory.java:1325)
	at org.springframework.beans.factory.support.AbstractAutowireCapableBeanFactory.populateBean(AbstractAutowireCapableBeanFactory.java:1086)
	at org.springframework.beans.factory.support.AbstractAutowireCapableBeanFactory.doCreateBean(AbstractAutowireCapableBeanFactory.java:517)
	at org.springframework.beans.factory.support.AbstractAutowireCapableBeanFactory.createBean(AbstractAutowireCapableBeanFactory.java:456)
	at org.springframework.beans.factory.support.AbstractBeanFactory$1.getObject(AbstractBeanFactory.java:291)
	at org.springframework.beans.factory.support.DefaultSingletonBeanRegistry.getSingleton(DefaultSingletonBeanRegistry.java:222)
	at org.springframework.beans.factory.support.AbstractBeanFactory.doGetBean(AbstractBeanFactory.java:288)
	at org.springframework.beans.factory.support.AbstractBeanFactory.getBean(AbstractBeanFactory.java:190)
	at org.springframework.beans.factory.support.BeanDefinitionValueResolver.resolveReference(BeanDefinitionValueResolver.java:322)
	... 47 more
Caused by: org.springframework.beans.factory.BeanCreationException: Error creating bean with name &apos;transactionManager&apos; defined in class path resource [applicationContext-service.xml]: Cannot resolve reference to bean &apos;sessionFactory&apos; while setting bean property &apos;sessionFactory&apos;; nested exception is org.springframework.beans.factory.BeanCreationException: Error creating bean with name &apos;sessionFactory&apos;: Injection of autowired dependencies failed; nested exception is org.springframework.beans.factory.BeanCreationException: Could not autowire field: public java.util.Map org.openmrs.api.db.hibernate.HibernateSessionFactoryBean.interceptors; nested exception is org.springframework.beans.factory.CannotLoadBeanClassException: Cannot find class [org.openmrs.module.dicomecg.web.controller.DicomEcgPortletController] for bean with name &apos;dicomEcgPortletController&apos; defined in URL [file:/E:/Work64/dicomecg/api/target/classes/moduleApplicationContext.xml]; nested exception is java.lang.ClassNotFoundException: org.openmrs.module.dicomecg.web.controller.DicomEcgPortletController
	at org.springframework.beans.factory.support.BeanDefinitionValueResolver.resolveReference(BeanDefinitionValueResolver.java:328)
	at org.springframework.beans.factory.support.BeanDefinitionValueResolver.resolveValueIfNecessary(BeanDefinitionValueResolver.java:106)
	at org.springframework.beans.factory.support.AbstractAutowireCapableBeanFactory.applyPropertyValues(AbstractAutowireCapableBeanFactory.java:1325)
	at org.springframework.beans.factory.support.AbstractAutowireCapableBeanFactory.populateBean(AbstractAutowireCapableBeanFactory.java:1086)
	at org.springframework.beans.factory.support.AbstractAutowireCapableBeanFactory.doCreateBean(AbstractAutowireCapableBeanFactory.java:517)
	at org.springframework.beans.factory.support.AbstractAutowireCapableBeanFactory.createBean(AbstractAutowireCapableBeanFactory.java:456)
	at org.springframework.beans.factory.support.AbstractBeanFactory$1.getObject(AbstractBeanFactory.java:291)
	at org.springframework.beans.factory.support.DefaultSingletonBeanRegistry.getSingleton(DefaultSingletonBeanRegistry.java:222)
	at org.springframework.beans.factory.support.AbstractBeanFactory.doGetBean(AbstractBeanFactory.java:288)
	at org.springframework.beans.factory.support.AbstractBeanFactory.getBean(AbstractBeanFactory.java:190)
	at org.springframework.beans.factory.support.BeanDefinitionValueResolver.resolveReference(BeanDefinitionValueResolver.java:322)
	... 57 more
Caused by: org.springframework.beans.factory.BeanCreationException: Error creating bean with name &apos;sessionFactory&apos;: Injection of autowired dependencies failed; nested exception is org.springframework.beans.factory.BeanCreationException: Could not autowire field: public java.util.Map org.openmrs.api.db.hibernate.HibernateSessionFactoryBean.interceptors; nested exception is org.springframework.beans.factory.CannotLoadBeanClassException: Cannot find class [org.openmrs.module.dicomecg.web.controller.DicomEcgPortletController] for bean with name &apos;dicomEcgPortletController&apos; defined in URL [file:/E:/Work64/dicomecg/api/target/classes/moduleApplicationContext.xml]; nested exception is java.lang.ClassNotFoundException: org.openmrs.module.dicomecg.web.controller.DicomEcgPortletController
	at org.springframework.beans.factory.annotation.AutowiredAnnotationBeanPostProcessor.postProcessPropertyValues(AutowiredAnnotationBeanPostProcessor.java:285)
	at org.springframework.beans.factory.support.AbstractAutowireCapableBeanFactory.populateBean(AbstractAutowireCapableBeanFactory.java:1074)
	at org.springframework.beans.factory.support.AbstractAutowireCapableBeanFactory.doCreateBean(AbstractAutowireCapableBeanFactory.java:517)
	at org.springframework.beans.factory.support.AbstractAutowireCapableBeanFactory.createBean(AbstractAutowireCapableBeanFactory.java:456)
	at org.springframework.beans.factory.support.AbstractBeanFactory$1.getObject(AbstractBeanFactory.java:291)
	at org.springframework.beans.factory.support.DefaultSingletonBeanRegistry.getSingleton(DefaultSingletonBeanRegistry.java:222)
	at org.springframework.beans.factory.support.AbstractBeanFactory.doGetBean(AbstractBeanFactory.java:288)
	at org.springframework.beans.factory.support.AbstractBeanFactory.getBean(AbstractBeanFactory.java:190)
	at org.springframework.beans.factory.support.BeanDefinitionValueResolver.resolveReference(BeanDefinitionValueResolver.java:322)
	... 67 more
Caused by: org.springframework.beans.factory.BeanCreationException: Could not autowire field: public java.util.Map org.openmrs.api.db.hibernate.HibernateSessionFactoryBean.interceptors; nested exception is org.springframework.beans.factory.CannotLoadBeanClassException: Cannot find class [org.openmrs.module.dicomecg.web.controller.DicomEcgPortletController] for bean with name &apos;dicomEcgPortletController&apos; defined in URL [file:/E:/Work64/dicomecg/api/target/classes/moduleApplicationContext.xml]; nested exception is java.lang.ClassNotFoundException: org.openmrs.module.dicomecg.web.controller.DicomEcgPortletController
	at org.springframework.beans.factory.annotation.AutowiredAnnotationBeanPostProcessor$AutowiredFieldElement.inject(AutowiredAnnotationBeanPostProcessor.java:502)
	at org.springframework.beans.factory.annotation.InjectionMetadata.inject(InjectionMetadata.java:84)
	at org.springframework.beans.factory.annotation.AutowiredAnnotationBeanPostProcessor.postProcessPropertyValues(AutowiredAnnotationBeanPostProcessor.java:282)
	... 75 more
Caused by: org.springframework.beans.factory.CannotLoadBeanClassException: Cannot find class [org.openmrs.module.dicomecg.web.controller.DicomEcgPortletController] for bean with name &apos;dicomEcgPortletController&apos; defined in URL [file:/E:/Work64/dicomecg/api/target/classes/moduleApplicationContext.xml]; nested exception is java.lang.ClassNotFoundException: org.openmrs.module.dicomecg.web.controller.DicomEcgPortletController
	at org.springframework.beans.factory.support.AbstractBeanFactory.resolveBeanClass(AbstractBeanFactory.java:1250)
	at org.springframework.beans.factory.support.AbstractAutowireCapableBeanFactory.predictBeanType(AbstractAutowireCapableBeanFactory.java:576)
	at org.springframework.beans.factory.support.AbstractBeanFactory.isFactoryBean(AbstractBeanFactory.java:1319)
	at org.springframework.beans.factory.support.DefaultListableBeanFactory.getBeanNamesForType(DefaultListableBeanFactory.java:315)
	at org.springframework.beans.factory.BeanFactoryUtils.beanNamesForTypeIncludingAncestors(BeanFactoryUtils.java:185)
	at org.springframework.beans.factory.support.DefaultListableBeanFactory.findAutowireCandidates(DefaultListableBeanFactory.java:829)
	at org.springframework.beans.factory.support.DefaultListableBeanFactory.doResolveDependency(DefaultListableBeanFactory.java:773)
	at org.springframework.beans.factory.support.DefaultListableBeanFactory.resolveDependency(DefaultListableBeanFactory.java:703)
	at org.springframework.beans.factory.annotation.AutowiredAnnotationBeanPostProcessor$AutowiredFieldElement.inject(AutowiredAnnotationBeanPostProcessor.java:474)
	... 77 more
Caused by: java.lang.ClassNotFoundException: org.openmrs.module.dicomecg.web.controller.DicomEcgPortletController
	at java.net.URLClassLoader$1.run(URLClassLoader.java:202)
	at java.security.AccessController.doPrivileged(Native Method)
	at java.net.URLClassLoader.findClass(URLClassLoader.java:190)
	at org.openmrs.util.OpenmrsClassLoader.loadClass(OpenmrsClassLoader.java:164)
	at java.lang.ClassLoader.loadClass(ClassLoader.java:247)
	at org.springframework.util.ClassUtils.forName(ClassUtils.java:257)
	at org.springframework.beans.factory.support.AbstractBeanDefinition.resolveBeanClass(AbstractBeanDefinition.java:408)
	at org.springframework.beans.factory.support.AbstractBeanFactory.doResolveBeanClass(AbstractBeanFactory.java:1271)
	at org.springframework.beans.factory.support.AbstractBeanFactory.resolveBeanClass(AbstractBeanFactory.java:1242)
	... 85 more
</error>
    <system-out>ERROR - TestContextManager.prepareTestInstance(324) |2013-05-21 21:55:55,924| Caught exception while allowing TestExecutionListener [org.springframework.test.context.support.DependencyInjectionTestExecutionListener@77cb8e0f] to prepare test instance [org.openmrs.module.dicomecg.api.DicomEcgServiceTest@54dbb83a]
java.lang.IllegalStateException: Failed to load ApplicationContext
	at org.springframework.test.context.TestContext.getApplicationContext(TestContext.java:308)
	at org.springframework.test.context.support.DependencyInjectionTestExecutionListener.injectDependencies(DependencyInjectionTestExecutionListener.java:109)
	at org.springframework.test.context.support.DependencyInjectionTestExecutionListener.prepareTestInstance(DependencyInjectionTestExecutionListener.java:75)
	at org.springframework.test.context.TestContextManager.prepareTestInstance(TestContextManager.java:321)
	at org.springframework.test.context.junit4.SpringJUnit4ClassRunner.createTest(SpringJUnit4ClassRunner.java:220)
	at org.springframework.test.context.junit4.SpringJUnit4ClassRunner$1.runReflectiveCall(SpringJUnit4ClassRunner.java:301)
	at org.junit.internal.runners.model.ReflectiveCallable.run(ReflectiveCallable.java:15)
	at org.springframework.test.context.junit4.SpringJUnit4ClassRunner.methodBlock(SpringJUnit4ClassRunner.java:303)
	at org.springframework.test.context.junit4.SpringJUnit4ClassRunner.runChild(SpringJUnit4ClassRunner.java:240)
	at org.junit.runners.BlockJUnit4ClassRunner.runChild(BlockJUnit4ClassRunner.java:50)
	at org.junit.runners.ParentRunner$3.run(ParentRunner.java:193)
	at org.junit.runners.ParentRunner$1.schedule(ParentRunner.java:52)
	at org.junit.runners.ParentRunner.runChildren(ParentRunner.java:191)
	at org.junit.runners.ParentRunner.access$000(ParentRunner.java:42)
	at org.junit.runners.ParentRunner$2.evaluate(ParentRunner.java:184)
	at org.springframework.test.context.junit4.statements.RunBeforeTestClassCallbacks.evaluate(RunBeforeTestClassCallbacks.java:61)
	at org.junit.internal.runners.statements.RunAfters.evaluate(RunAfters.java:31)
	at org.springframework.test.context.junit4.statements.RunAfterTestClassCallbacks.evaluate(RunAfterTestClassCallbacks.java:70)
	at org.junit.runners.ParentRunner.run(ParentRunner.java:236)
	at org.springframework.test.context.junit4.SpringJUnit4ClassRunner.run(SpringJUnit4ClassRunner.java:180)
	at org.apache.maven.surefire.junit4.JUnit4TestSet.execute(JUnit4TestSet.java:53)
	at org.apache.maven.surefire.junit4.JUnit4Provider.executeTestSet(JUnit4Provider.java:123)
	at org.apache.maven.surefire.junit4.JUnit4Provider.invoke(JUnit4Provider.java:104)
	at sun.reflect.NativeMethodAccessorImpl.invoke0(Native Method)
	at sun.reflect.NativeMethodAccessorImpl.invoke(NativeMethodAccessorImpl.java:39)
	at sun.reflect.DelegatingMethodAccessorImpl.invoke(DelegatingMethodAccessorImpl.java:25)
	at java.lang.reflect.Method.invoke(Method.java:597)
	at org.apache.maven.surefire.util.ReflectionUtils.invokeMethodWithArray(ReflectionUtils.java:164)
	at org.apache.maven.surefire.booter.ProviderFactory$ProviderProxy.invoke(ProviderFactory.java:110)
	at org.apache.maven.surefire.booter.SurefireStarter.invokeProvider(SurefireStarter.java:175)
	at org.apache.maven.surefire.booter.SurefireStarter.runSuitesInProcessWhenForked(SurefireStarter.java:107)
	at org.apache.maven.surefire.booter.ForkedBooter.main(ForkedBooter.java:68)
Caused by: org.springframework.beans.factory.BeanCreationException: Error creating bean with name &apos;org.springframework.transaction.interceptor.TransactionAttributeSourceAdvisor#0&apos; defined in class path resource [applicationContext-service.xml]: Cannot resolve reference to bean &apos;transactionInterceptor&apos; while setting bean property &apos;transactionInterceptor&apos;; nested exception is org.springframework.beans.factory.BeanCreationException: Error creating bean with name &apos;transactionInterceptor&apos; defined in class path resource [applicationContext-service.xml]: Cannot resolve reference to bean &apos;transactionManager&apos; while setting bean property &apos;transactionManager&apos;; nested exception is org.springframework.beans.factory.BeanCreationException: Error creating bean with name &apos;transactionManager&apos; defined in class path resource [applicationContext-service.xml]: Cannot resolve reference to bean &apos;sessionFactory&apos; while setting bean property &apos;sessionFactory&apos;; nested exception is org.springframework.beans.factory.BeanCreationException: Error creating bean with name &apos;sessionFactory&apos;: Injection of autowired dependencies failed; nested exception is org.springframework.beans.factory.BeanCreationException: Could not autowire field: public java.util.Map org.openmrs.api.db.hibernate.HibernateSessionFactoryBean.interceptors; nested exception is org.springframework.beans.factory.CannotLoadBeanClassException: Cannot find class [org.openmrs.module.dicomecg.web.controller.DicomEcgPortletController] for bean with name &apos;dicomEcgPortletController&apos; defined in URL [file:/E:/Work64/dicomecg/api/target/classes/moduleApplicationContext.xml]; nested exception is java.lang.ClassNotFoundException: org.openmrs.module.dicomecg.web.controller.DicomEcgPortletController
Related cause: org.springframework.beans.factory.CannotLoadBeanClassException: Cannot find class [org.openmrs.module.dicomecg.web.controller.DicomEcgPortletController] for bean with name &apos;dicomEcgPortletController&apos; defined in URL [file:/E:/Work64/dicomecg/api/target/classes/moduleApplicationContext.xml]; nested exception is java.lang.ClassNotFoundException: org.openmrs.module.dicomecg.web.controller.DicomEcgPortletController
Related cause: org.springframework.beans.factory.BeanCreationException: Error creating bean with name &apos;patientService&apos; defined in class path resource [applicationContext-service.xml]: Cannot resolve reference to bean &apos;patientServiceTarget&apos; while setting bean property &apos;target&apos;; nested exception is org.springframework.beans.factory.BeanCreationException: Error creating bean with name &apos;patientServiceTarget&apos; defined in class path resource [applicationContext-service.xml]: Cannot resolve reference to bean &apos;patientDAO&apos; while setting bean property &apos;patientDAO&apos;; nested exception is org.springframework.beans.factory.BeanCreationException: Error creating bean with name &apos;patientDAO&apos; defined in class path resource [applicationContext-service.xml]: Cannot resolve reference to bean &apos;sessionFactory&apos; while setting bean property &apos;sessionFactory&apos;; nested exception is org.springframework.beans.factory.BeanCurrentlyInCreationException: Error creating bean with name &apos;sessionFactory&apos;: FactoryBean which is currently in creation returned null from getObject
Related cause: org.springframework.beans.factory.BeanCreationException: Error creating bean with name &apos;personService&apos; defined in class path resource [applicationContext-service.xml]: Cannot resolve reference to bean &apos;personServiceTarget&apos; while setting bean property &apos;target&apos;; nested exception is org.springframework.beans.factory.BeanCreationException: Error creating bean with name &apos;personServiceTarget&apos; defined in class path resource [applicationContext-service.xml]: Cannot resolve reference to bean &apos;personDAO&apos; while setting bean property &apos;personDAO&apos;; nested exception is org.springframework.beans.factory.BeanCreationException: Error creating bean with name &apos;personDAO&apos; defined in class path resource [applicationContext-service.xml]: Cannot resolve reference to bean &apos;sessionFactory&apos; while setting bean property &apos;sessionFactory&apos;; nested exception is org.springframework.beans.factory.BeanCurrentlyInCreationException: Error creating bean with name &apos;sessionFactory&apos;: FactoryBean which is currently in creation returned null from getObject
Related cause: org.springframework.beans.factory.BeanCreationException: Error creating bean with name &apos;conceptService&apos; defined in class path resource [applicationContext-service.xml]: Cannot resolve reference to bean &apos;conceptServiceTarget&apos; while setting bean property &apos;target&apos;; nested exception is org.springframework.beans.factory.BeanCreationException: Error creating bean with name &apos;conceptServiceTarget&apos; defined in class path resource [applicationContext-service.xml]: Cannot resolve reference to bean &apos;conceptDAO&apos; while setting bean property &apos;conceptDAO&apos;; nested exception is org.springframework.beans.factory.BeanCreationException: Error creating bean with name &apos;conceptDAO&apos; defined in class path resource [applicationContext-service.xml]: Cannot resolve reference to bean &apos;sessionFactory&apos; while setting bean property &apos;sessionFactory&apos;; nested exception is org.springframework.beans.factory.BeanCurrentlyInCreationException: Error creating bean with name &apos;sessionFactory&apos;: FactoryBean which is currently in creation returned null from getObject
Related cause: org.springframework.beans.factory.BeanCreationException: Error creating bean with name &apos;userService&apos; defined in class path resource [applicationContext-service.xml]: Cannot resolve reference to bean &apos;userServiceTarget&apos; while setting bean property &apos;target&apos;; nested exception is org.springframework.beans.factory.BeanCreationException: Error creating bean with name &apos;userServiceTarget&apos; defined in class path resource [applicationContext-service.xml]: Cannot resolve reference to bean &apos;userDAO&apos; while setting bean property &apos;userDAO&apos;; nested exception is org.springframework.beans.factory.BeanCreationException: Error creating bean with name &apos;userDAO&apos; defined in class path resource [applicationContext-service.xml]: Cannot resolve reference to bean &apos;sessionFactory&apos; while setting bean property &apos;sessionFactory&apos;; nested exception is org.springframework.beans.factory.BeanCurrentlyInCreationException: Error creating bean with name &apos;sessionFactory&apos;: FactoryBean which is currently in creation returned null from getObject
Related cause: org.springframework.beans.factory.BeanCreationException: Error creating bean with name &apos;obsService&apos; defined in class path resource [applicationContext-service.xml]: Cannot resolve reference to bean &apos;obsServiceTarget&apos; while setting bean property &apos;target&apos;; nested exception is org.springframework.beans.factory.BeanCreationException: Error creating bean with name &apos;obsServiceTarget&apos; defined in class path resource [applicationContext-service.xml]: Cannot resolve reference to bean &apos;obsDAO&apos; while setting bean property &apos;obsDAO&apos;; nested exception is org.springframework.beans.factory.BeanCreationException: Error creating bean with name &apos;obsDAO&apos; defined in class path resource [applicationContext-service.xml]: Cannot resolve reference to bean &apos;sessionFactory&apos; while setting bean property &apos;sessionFactory&apos;; nested exception is org.springframework.beans.factory.BeanCurrentlyInCreationException: Error creating bean with name &apos;sessionFactory&apos;: FactoryBean which is currently in creation returned null from getObject
Related cause: org.springframework.beans.factory.BeanCreationException: Error creating bean with name &apos;encounterService&apos; defined in class path resource [applicationContext-service.xml]: Cannot resolve reference to bean &apos;encounterServiceTarget&apos; while setting bean property &apos;target&apos;; nested exception is org.springframework.beans.factory.BeanCreationException: Error creating bean with name &apos;encounterServiceTarget&apos; defined in class path resource [applicationContext-service.xml]: Cannot resolve reference to bean &apos;encounterDAO&apos; while setting bean property &apos;encounterDAO&apos;; nested exception is org.springframework.beans.factory.BeanCreationException: Error creating bean with name &apos;encounterDAO&apos; defined in class path resource [applicationContext-service.xml]: Cannot resolve reference to bean &apos;sessionFactory&apos; while setting bean property &apos;sessionFactory&apos;; nested exception is org.springframework.beans.factory.BeanCurrentlyInCreationException: Error creating bean with name &apos;sessionFactory&apos;: FactoryBean which is currently in creation returned null from getObject
Related cause: org.springframework.beans.factory.BeanCreationException: Error creating bean with name &apos;locationService&apos; defined in class path resource [applicationContext-service.xml]: Cannot resolve reference to bean &apos;locationServiceTarget&apos; while setting bean property &apos;target&apos;; nested exception is org.springframework.beans.factory.BeanCreationException: Error creating bean with name &apos;locationServiceTarget&apos; defined in class path resource [applicationContext-service.xml]: Cannot resolve reference to bean &apos;locationDAO&apos; while setting bean property &apos;locationDAO&apos;; nested exception is org.springframework.beans.factory.BeanCreationException: Error creating bean with name &apos;locationDAO&apos; defined in class path resource [applicationContext-service.xml]: Cannot resolve reference to bean &apos;sessionFactory&apos; while setting bean property &apos;sessionFactory&apos;; nested exception is org.springframework.beans.factory.BeanCurrentlyInCreationException: Error creating bean with name &apos;sessionFactory&apos;: FactoryBean which is currently in creation returned null from getObject
Related cause: org.springframework.beans.factory.BeanCreationException: Error creating bean with name &apos;orderService&apos; defined in class path resource [applicationContext-service.xml]: Cannot resolve reference to bean &apos;orderServiceTarget&apos; while setting bean property &apos;target&apos;; nested exception is org.springframework.beans.factory.BeanCreationException: Error creating bean with name &apos;orderServiceTarget&apos; defined in class path resource [applicationContext-service.xml]: Cannot resolve reference to bean &apos;orderDAO&apos; while setting bean property &apos;orderDAO&apos;; nested exception is org.springframework.beans.factory.BeanCreationException: Error creating bean with name &apos;orderDAO&apos; defined in class path resource [applicationContext-service.xml]: Cannot resolve reference to bean &apos;sessionFactory&apos; while setting bean property &apos;sessionFactory&apos;; nested exception is org.springframework.beans.factory.BeanCurrentlyInCreationException: Error creating bean with name &apos;sessionFactory&apos;: FactoryBean which is currently in creation returned null from getObject
Related cause: org.springframework.beans.factory.BeanCreationException: Error creating bean with name &apos;formService&apos; defined in class path resource [applicationContext-service.xml]: Cannot resolve reference to bean &apos;formServiceTarget&apos; while setting bean property &apos;target&apos;; nested exception is org.springframework.beans.factory.BeanCreationException: Error creating bean with name &apos;formServiceTarget&apos; defined in class path resource [applicationContext-service.xml]: Cannot resolve reference to bean &apos;formDAO&apos; while setting bean property &apos;formDAO&apos;; nested exception is org.springframework.beans.factory.BeanCreationException: Error creating bean with name &apos;formDAO&apos; defined in class path resource [applicationContext-service.xml]: Cannot resolve reference to bean &apos;sessionFactory&apos; while setting bean property &apos;sessionFactory&apos;; nested exception is org.springframework.beans.factory.BeanCurrentlyInCreationException: Error creating bean with name &apos;sessionFactory&apos;: FactoryBean which is currently in creation returned null from getObject
Related cause: org.springframework.beans.factory.BeanCreationException: Error creating bean with name &apos;adminService&apos; defined in class path resource [applicationContext-service.xml]: Cannot resolve reference to bean &apos;adminServiceTarget&apos; while setting bean property &apos;target&apos;; nested exception is org.springframework.beans.factory.BeanCreationException: Error creating bean with name &apos;adminServiceTarget&apos; defined in class path resource [applicationContext-service.xml]: Cannot resolve reference to bean &apos;adminDAO&apos; while setting bean property &apos;administrationDAO&apos;; nested exception is org.springframework.beans.factory.BeanCreationException: Error creating bean with name &apos;adminDAO&apos; defined in class path resource [applicationContext-service.xml]: Cannot resolve reference to bean &apos;sessionFactory&apos; while setting bean property &apos;sessionFactory&apos;; nested exception is org.springframework.beans.factory.BeanCurrentlyInCreationException: Error creating bean with name &apos;sessionFactory&apos;: FactoryBean which is currently in creation returned null from getObject
Related cause: org.springframework.beans.factory.BeanCreationException: Error creating bean with name &apos;datatypeService&apos; defined in class path resource [applicationContext-service.xml]: Cannot resolve reference to bean &apos;datatypeServiceTarget&apos; while setting bean property &apos;target&apos;; nested exception is org.springframework.beans.factory.BeanCreationException: Error creating bean with name &apos;datatypeServiceTarget&apos; defined in class path resource [applicationContext-service.xml]: Cannot resolve reference to bean &apos;datatypeDAO&apos; while setting bean property &apos;dao&apos;; nested exception is org.springframework.beans.factory.BeanCreationException: Error creating bean with name &apos;datatypeDAO&apos; defined in class path resource [applicationContext-service.xml]: Cannot resolve reference to bean &apos;sessionFactory&apos; while setting bean property &apos;sessionFactory&apos;; nested exception is org.springframework.beans.factory.BeanCurrentlyInCreationException: Error creating bean with name &apos;sessionFactory&apos;: FactoryBean which is currently in creation returned null from getObject
Related cause: org.springframework.beans.factory.BeanCreationException: Error creating bean with name &apos;programWorkflowService&apos; defined in class path resource [applicationContext-service.xml]: Cannot resolve reference to bean &apos;programWorkflowServiceTarget&apos; while setting bean property &apos;target&apos;; nested exception is org.springframework.beans.factory.BeanCreationException: Error creating bean with name &apos;programWorkflowServiceTarget&apos; defined in class path resource [applicationContext-service.xml]: Cannot resolve reference to bean &apos;programWorkflowDAO&apos; while setting bean property &apos;programWorkflowDAO&apos;; nested exception is org.springframework.beans.factory.BeanCreationException: Error creating bean with name &apos;programWorkflowDAO&apos; defined in class path resource [applicationContext-service.xml]: Cannot resolve reference to bean &apos;sessionFactory&apos; while setting bean property &apos;sessionFactory&apos;; nested exception is org.springframework.beans.factory.BeanCurrentlyInCreationException: Error creating bean with name &apos;sessionFactory&apos;: FactoryBean which is currently in creation returned null from getObject
Related cause: org.springframework.beans.factory.BeanCreationException: Error creating bean with name &apos;messageService&apos; defined in class path resource [applicationContext-service.xml]: Cannot resolve reference to bean &apos;messageServiceTarget&apos; while setting bean property &apos;target&apos;; nested exception is org.springframework.beans.factory.BeanCreationException: Error creating bean with name &apos;messageServiceTarget&apos; defined in class path resource [applicationContext-service.xml]: Cannot resolve reference to bean &apos;templateDAO&apos; while setting bean property &apos;templateDAO&apos;; nested exception is org.springframework.beans.factory.BeanCreationException: Error creating bean with name &apos;templateDAO&apos; defined in class path resource [applicationContext-service.xml]: Cannot resolve reference to bean &apos;sessionFactory&apos; while setting bean property &apos;sessionFactory&apos;; nested exception is org.springframework.beans.factory.BeanCurrentlyInCreationException: Error creating bean with name &apos;sessionFactory&apos;: FactoryBean which is currently in creation returned null from getObject
Related cause: org.springframework.beans.factory.BeanCreationException: Error creating bean with name &apos;patientSetService&apos; defined in class path resource [applicationContext-service.xml]: Cannot resolve reference to bean &apos;patientSetServiceTarget&apos; while setting bean property &apos;target&apos;; nested exception is org.springframework.beans.factory.BeanCreationException: Error creating bean with name &apos;patientSetServiceTarget&apos; defined in class path resource [applicationContext-service.xml]: Cannot resolve reference to bean &apos;patientSetDAO&apos; while setting bean property &apos;patientSetDAO&apos;; nested exception is org.springframework.beans.factory.BeanCreationException: Error creating bean with name &apos;patientSetDAO&apos; defined in class path resource [applicationContext-service.xml]: Cannot resolve reference to bean &apos;sessionFactory&apos; while setting bean property &apos;sessionFactory&apos;; nested exception is org.springframework.beans.factory.BeanCurrentlyInCreationException: Error creating bean with name &apos;sessionFactory&apos;: FactoryBean which is currently in creation returned null from getObject
Related cause: org.springframework.beans.factory.BeanCreationException: Error creating bean with name &apos;cohortService&apos; defined in class path resource [applicationContext-service.xml]: Cannot resolve reference to bean &apos;cohortServiceTarget&apos; while setting bean property &apos;target&apos;; nested exception is org.springframework.beans.factory.BeanCreationException: Error creating bean with name &apos;cohortServiceTarget&apos; defined in class path resource [applicationContext-service.xml]: Cannot resolve reference to bean &apos;cohortDAO&apos; while setting bean property &apos;cohortDAO&apos;; nested exception is org.springframework.beans.factory.BeanCreationException: Error creating bean with name &apos;cohortDAO&apos; defined in class path resource [applicationContext-service.xml]: Cannot resolve reference to bean &apos;sessionFactory&apos; while setting bean property &apos;sessionFactory&apos;; nested exception is org.springframework.beans.factory.BeanCurrentlyInCreationException: Error creating bean with name &apos;sessionFactory&apos;: FactoryBean which is currently in creation returned null from getObject
Related cause: org.springframework.beans.factory.BeanCreationException: Error creating bean with name &apos;schedulerService&apos; defined in class path resource [applicationContext-service.xml]: Cannot resolve reference to bean &apos;schedulerServiceTarget&apos; while setting bean property &apos;target&apos;; nested exception is org.springframework.beans.factory.BeanCreationException: Error creating bean with name &apos;schedulerServiceTarget&apos; defined in class path resource [applicationContext-service.xml]: Cannot resolve reference to bean &apos;schedulerDAO&apos; while setting bean property &apos;schedulerDAO&apos;; nested exception is org.springframework.beans.factory.BeanCreationException: Error creating bean with name &apos;schedulerDAO&apos; defined in class path resource [applicationContext-service.xml]: Cannot resolve reference to bean &apos;sessionFactory&apos; while setting bean property &apos;sessionFactory&apos;; nested exception is org.springframework.beans.factory.BeanCurrentlyInCreationException: Error creating bean with name &apos;sessionFactory&apos;: FactoryBean which is currently in creation returned null from getObject
Related cause: org.springframework.beans.factory.BeanCreationException: Error creating bean with name &apos;alertService&apos; defined in class path resource [applicationContext-service.xml]: Cannot resolve reference to bean &apos;alertServiceTarget&apos; while setting bean property &apos;target&apos;; nested exception is org.springframework.beans.factory.BeanCreationException: Error creating bean with name &apos;alertServiceTarget&apos; defined in class path resource [applicationContext-service.xml]: Cannot resolve reference to bean &apos;alertDAO&apos; while setting bean property &apos;alertDAO&apos;; nested exception is org.springframework.beans.factory.BeanCreationException: Error creating bean with name &apos;alertDAO&apos; defined in class path resource [applicationContext-service.xml]: Cannot resolve reference to bean &apos;sessionFactory&apos; while setting bean property &apos;sessionFactory&apos;; nested exception is org.springframework.beans.factory.BeanCurrentlyInCreationException: Error creating bean with name &apos;sessionFactory&apos;: FactoryBean which is currently in creation returned null from getObject
Related cause: org.springframework.beans.factory.BeanCreationException: Error creating bean with name &apos;reportService&apos; defined in class path resource [applicationContext-service.xml]: Cannot resolve reference to bean &apos;reportServiceTarget&apos; while setting bean property &apos;target&apos;; nested exception is org.springframework.beans.factory.BeanCreationException: Error creating bean with name &apos;reportServiceTarget&apos; defined in class path resource [applicationContext-service.xml]: Cannot resolve reference to bean &apos;reportDAO&apos; while setting bean property &apos;reportDAO&apos;; nested exception is org.springframework.beans.factory.BeanCreationException: Error creating bean with name &apos;reportDAO&apos; defined in class path resource [applicationContext-service.xml]: Cannot resolve reference to bean &apos;sessionFactory&apos; while setting bean property &apos;sessionFactory&apos;; nested exception is org.springframework.beans.factory.BeanCurrentlyInCreationException: Error creating bean with name &apos;sessionFactory&apos;: FactoryBean which is currently in creation returned null from getObject
Related cause: org.springframework.beans.factory.BeanCreationException: Error creating bean with name &apos;reportObjectService&apos; defined in class path resource [applicationContext-service.xml]: Cannot resolve reference to bean &apos;reportObjectServiceTarget&apos; while setting bean property &apos;target&apos;; nested exception is org.springframework.beans.factory.BeanCreationException: Error creating bean with name &apos;reportObjectServiceTarget&apos; defined in class path resource [applicationContext-service.xml]: Cannot resolve reference to bean &apos;reportObjectDAO&apos; while setting bean property &apos;reportObjectDAO&apos;; nested exception is org.springframework.beans.factory.BeanCreationException: Error creating bean with name &apos;reportObjectDAO&apos; defined in class path resource [applicationContext-service.xml]: Cannot resolve reference to bean &apos;sessionFactory&apos; while setting bean property &apos;sessionFactory&apos;; nested exception is org.springframework.beans.factory.BeanCurrentlyInCreationException: Error creating bean with name &apos;sessionFactory&apos;: FactoryBean which is currently in creation returned null from getObject
Related cause: org.springframework.beans.factory.BeanCreationException: Error creating bean with name &apos;hL7Service&apos; defined in class path resource [applicationContext-service.xml]: Cannot resolve reference to bean &apos;hL7ServiceTarget&apos; while setting bean property &apos;target&apos;; nested exception is org.springframework.beans.factory.BeanCreationException: Error creating bean with name &apos;hL7ServiceTarget&apos; defined in class path resource [applicationContext-service.xml]: Cannot resolve reference to bean &apos;hL7DAO&apos; while setting bean property &apos;HL7DAO&apos;; nested exception is org.springframework.beans.factory.BeanCreationException: Error creating bean with name &apos;hL7DAO&apos; defined in class path resource [applicationContext-service.xml]: Cannot resolve reference to bean &apos;sessionFactory&apos; while setting bean property &apos;sessionFactory&apos;; nested exception is org.springframework.beans.factory.BeanCurrentlyInCreationException: Error creating bean with name &apos;sessionFactory&apos;: FactoryBean which is currently in creation returned null from getObject
Related cause: org.springframework.beans.factory.BeanCreationException: Error creating bean with name &apos;activeListService&apos; defined in class path resource [applicationContext-service.xml]: Cannot resolve reference to bean &apos;activeListServiceTarget&apos; while setting bean property &apos;target&apos;; nested exception is org.springframework.beans.factory.BeanCreationException: Error creating bean with name &apos;activeListServiceTarget&apos; defined in class path resource [applicationContext-service.xml]: Cannot resolve reference to bean &apos;activeListDAO&apos; while setting bean property &apos;activeListDAO&apos;; nested exception is org.springframework.beans.factory.BeanCreationException: Error creating bean with name &apos;activeListDAO&apos; defined in class path resource [applicationContext-service.xml]: Cannot resolve reference to bean &apos;sessionFactory&apos; while setting bean property &apos;sessionFactory&apos;; nested exception is org.springframework.beans.factory.BeanCurrentlyInCreationException: Error creating bean with name &apos;sessionFactory&apos;: FactoryBean which is currently in creation returned null from getObject
Related cause: org.springframework.beans.factory.BeanCreationException: Error creating bean with name &apos;visitService&apos; defined in class path resource [applicationContext-service.xml]: Cannot resolve reference to bean &apos;visitServiceTarget&apos; while setting bean property &apos;target&apos;; nested exception is org.springframework.beans.factory.BeanCreationException: Error creating bean with name &apos;visitServiceTarget&apos; defined in class path resource [applicationContext-service.xml]: Cannot resolve reference to bean &apos;visitDAO&apos; while setting bean property &apos;visitDAO&apos;; nested exception is org.springframework.beans.factory.BeanCreationException: Error creating bean with name &apos;visitDAO&apos; defined in class path resource [applicationContext-service.xml]: Cannot resolve reference to bean &apos;sessionFactory&apos; while setting bean property &apos;sessionFactory&apos;; nested exception is org.springframework.beans.factory.BeanCurrentlyInCreationException: Error creating bean with name &apos;sessionFactory&apos;: FactoryBean which is currently in creation returned null from getObject
Related cause: org.springframework.beans.factory.BeanCreationException: Error creating bean with name &apos;providerService&apos; defined in class path resource [applicationContext-service.xml]: Cannot resolve reference to bean &apos;providerServiceTarget&apos; while setting bean property &apos;target&apos;; nested exception is org.springframework.beans.factory.BeanCreationException: Error creating bean with name &apos;providerServiceTarget&apos; defined in class path resource [applicationContext-service.xml]: Cannot resolve reference to bean &apos;providerDAO&apos; while setting bean property &apos;providerDAO&apos;; nested exception is org.springframework.beans.factory.BeanCreationException: Error creating bean with name &apos;providerDAO&apos; defined in class path resource [applicationContext-service.xml]: Cannot resolve reference to bean &apos;sessionFactory&apos; while setting bean property &apos;sessionFactory&apos;; nested exception is org.springframework.beans.factory.BeanCurrentlyInCreationException: Error creating bean with name &apos;sessionFactory&apos;: FactoryBean which is currently in creation returned null from getObject
	at org.springframework.beans.factory.support.BeanDefinitionValueResolver.resolveReference(BeanDefinitionValueResolver.java:328)
	at org.springframework.beans.factory.support.BeanDefinitionValueResolver.resolveValueIfNecessary(BeanDefinitionValueResolver.java:106)
	at org.springframework.beans.factory.support.AbstractAutowireCapableBeanFactory.applyPropertyValues(AbstractAutowireCapableBeanFactory.java:1325)
	at org.springframework.beans.factory.support.AbstractAutowireCapableBeanFactory.populateBean(AbstractAutowireCapableBeanFactory.java:1086)
	at org.springframework.beans.factory.support.AbstractAutowireCapableBeanFactory.doCreateBean(AbstractAutowireCapableBeanFactory.java:517)
	at org.springframework.beans.factory.support.AbstractAutowireCapableBeanFactory.createBean(AbstractAutowireCapableBeanFactory.java:456)
	at org.springframework.beans.factory.support.AbstractBeanFactory$1.getObject(AbstractBeanFactory.java:291)
	at org.springframework.beans.factory.support.DefaultSingletonBeanRegistry.getSingleton(DefaultSingletonBeanRegistry.java:222)
	at org.springframework.beans.factory.support.AbstractBeanFactory.doGetBean(AbstractBeanFactory.java:288)
	at org.springframework.beans.factory.support.AbstractBeanFactory.getBean(AbstractBeanFactory.java:190)
	at org.springframework.beans.factory.support.DefaultListableBeanFactory.preInstantiateSingletons(DefaultListableBeanFactory.java:580)
	at org.springframework.context.support.AbstractApplicationContext.finishBeanFactoryInitialization(AbstractApplicationContext.java:895)
	at org.springframework.context.support.AbstractApplicationContext.refresh(AbstractApplicationContext.java:425)
	at org.springframework.test.context.support.AbstractGenericContextLoader.loadContext(AbstractGenericContextLoader.java:84)
	at org.springframework.test.context.support.AbstractGenericContextLoader.loadContext(AbstractGenericContextLoader.java:1)
	at org.springframework.test.context.TestContext.loadApplicationContext(TestContext.java:280)
	at org.springframework.test.context.TestContext.getApplicationContext(TestContext.java:304)
	... 31 more
Caused by: org.springframework.beans.factory.BeanCreationException: Error creating bean with name &apos;transactionInterceptor&apos; defined in class path resource [applicationContext-service.xml]: Cannot resolve reference to bean &apos;transactionManager&apos; while setting bean property &apos;transactionManager&apos;; nested exception is org.springframework.beans.factory.BeanCreationException: Error creating bean with name &apos;transactionManager&apos; defined in class path resource [applicationContext-service.xml]: Cannot resolve reference to bean &apos;sessionFactory&apos; while setting bean property &apos;sessionFactory&apos;; nested exception is org.springframework.beans.factory.BeanCreationException: Error creating bean with name &apos;sessionFactory&apos;: Injection of autowired dependencies failed; nested exception is org.springframework.beans.factory.BeanCreationException: Could not autowire field: public java.util.Map org.openmrs.api.db.hibernate.HibernateSessionFactoryBean.interceptors; nested exception is org.springframework.beans.factory.CannotLoadBeanClassException: Cannot find class [org.openmrs.module.dicomecg.web.controller.DicomEcgPortletController] for bean with name &apos;dicomEcgPortletController&apos; defined in URL [file:/E:/Work64/dicomecg/api/target/classes/moduleApplicationContext.xml]; nested exception is java.lang.ClassNotFoundException: org.openmrs.module.dicomecg.web.controller.DicomEcgPortletController
	at org.springframework.beans.factory.support.BeanDefinitionValueResolver.resolveReference(BeanDefinitionValueResolver.java:328)
	at org.springframework.beans.factory.support.BeanDefinitionValueResolver.resolveValueIfNecessary(BeanDefinitionValueResolver.java:106)
	at org.springframework.beans.factory.support.AbstractAutowireCapableBeanFactory.applyPropertyValues(AbstractAutowireCapableBeanFactory.java:1325)
	at org.springframework.beans.factory.support.AbstractAutowireCapableBeanFactory.populateBean(AbstractAutowireCapableBeanFactory.java:1086)
	at org.springframework.beans.factory.support.AbstractAutowireCapableBeanFactory.doCreateBean(AbstractAutowireCapableBeanFactory.java:517)
	at org.springframework.beans.factory.support.AbstractAutowireCapableBeanFactory.createBean(AbstractAutowireCapableBeanFactory.java:456)
	at org.springframework.beans.factory.support.AbstractBeanFactory$1.getObject(AbstractBeanFactory.java:291)
	at org.springframework.beans.factory.support.DefaultSingletonBeanRegistry.getSingleton(DefaultSingletonBeanRegistry.java:222)
	at org.springframework.beans.factory.support.AbstractBeanFactory.doGetBean(AbstractBeanFactory.java:288)
	at org.springframework.beans.factory.support.AbstractBeanFactory.getBean(AbstractBeanFactory.java:190)
	at org.springframework.beans.factory.support.BeanDefinitionValueResolver.resolveReference(BeanDefinitionValueResolver.java:322)
	... 47 more
Caused by: org.springframework.beans.factory.BeanCreationException: Error creating bean with name &apos;transactionManager&apos; defined in class path resource [applicationContext-service.xml]: Cannot resolve reference to bean &apos;sessionFactory&apos; while setting bean property &apos;sessionFactory&apos;; nested exception is org.springframework.beans.factory.BeanCreationException: Error creating bean with name &apos;sessionFactory&apos;: Injection of autowired dependencies failed; nested exception is org.springframework.beans.factory.BeanCreationException: Could not autowire field: public java.util.Map org.openmrs.api.db.hibernate.HibernateSessionFactoryBean.interceptors; nested exception is org.springframework.beans.factory.CannotLoadBeanClassException: Cannot find class [org.openmrs.module.dicomecg.web.controller.DicomEcgPortletController] for bean with name &apos;dicomEcgPortletController&apos; defined in URL [file:/E:/Work64/dicomecg/api/target/classes/moduleApplicationContext.xml]; nested exception is java.lang.ClassNotFoundException: org.openmrs.module.dicomecg.web.controller.DicomEcgPortletController
	at org.springframework.beans.factory.support.BeanDefinitionValueResolver.resolveReference(BeanDefinitionValueResolver.java:328)
	at org.springframework.beans.factory.support.BeanDefinitionValueResolver.resolveValueIfNecessary(BeanDefinitionValueResolver.java:106)
	at org.springframework.beans.factory.support.AbstractAutowireCapableBeanFactory.applyPropertyValues(AbstractAutowireCapableBeanFactory.java:1325)
	at org.springframework.beans.factory.support.AbstractAutowireCapableBeanFactory.populateBean(AbstractAutowireCapableBeanFactory.java:1086)
	at org.springframework.beans.factory.support.AbstractAutowireCapableBeanFactory.doCreateBean(AbstractAutowireCapableBeanFactory.java:517)
	at org.springframework.beans.factory.support.AbstractAutowireCapableBeanFactory.createBean(AbstractAutowireCapableBeanFactory.java:456)
	at org.springframework.beans.factory.support.AbstractBeanFactory$1.getObject(AbstractBeanFactory.java:291)
	at org.springframework.beans.factory.support.DefaultSingletonBeanRegistry.getSingleton(DefaultSingletonBeanRegistry.java:222)
	at org.springframework.beans.factory.support.AbstractBeanFactory.doGetBean(AbstractBeanFactory.java:288)
	at org.springframework.beans.factory.support.AbstractBeanFactory.getBean(AbstractBeanFactory.java:190)
	at org.springframework.beans.factory.support.BeanDefinitionValueResolver.resolveReference(BeanDefinitionValueResolver.java:322)
	... 57 more
Caused by: org.springframework.beans.factory.BeanCreationException: Error creating bean with name &apos;sessionFactory&apos;: Injection of autowired dependencies failed; nested exception is org.springframework.beans.factory.BeanCreationException: Could not autowire field: public java.util.Map org.openmrs.api.db.hibernate.HibernateSessionFactoryBean.interceptors; nested exception is org.springframework.beans.factory.CannotLoadBeanClassException: Cannot find class [org.openmrs.module.dicomecg.web.controller.DicomEcgPortletController] for bean with name &apos;dicomEcgPortletController&apos; defined in URL [file:/E:/Work64/dicomecg/api/target/classes/moduleApplicationContext.xml]; nested exception is java.lang.ClassNotFoundException: org.openmrs.module.dicomecg.web.controller.DicomEcgPortletController
	at org.springframework.beans.factory.annotation.AutowiredAnnotationBeanPostProcessor.postProcessPropertyValues(AutowiredAnnotationBeanPostProcessor.java:285)
	at org.springframework.beans.factory.support.AbstractAutowireCapableBeanFactory.populateBean(AbstractAutowireCapableBeanFactory.java:1074)
	at org.springframework.beans.factory.support.AbstractAutowireCapableBeanFactory.doCreateBean(AbstractAutowireCapableBeanFactory.java:517)
	at org.springframework.beans.factory.support.AbstractAutowireCapableBeanFactory.createBean(AbstractAutowireCapableBeanFactory.java:456)
	at org.springframework.beans.factory.support.AbstractBeanFactory$1.getObject(AbstractBeanFactory.java:291)
	at org.springframework.beans.factory.support.DefaultSingletonBeanRegistry.getSingleton(DefaultSingletonBeanRegistry.java:222)
	at org.springframework.beans.factory.support.AbstractBeanFactory.doGetBean(AbstractBeanFactory.java:288)
	at org.springframework.beans.factory.support.AbstractBeanFactory.getBean(AbstractBeanFactory.java:190)
	at org.springframework.beans.factory.support.BeanDefinitionValueResolver.resolveReference(BeanDefinitionValueResolver.java:322)
	... 67 more
Caused by: org.springframework.beans.factory.BeanCreationException: Could not autowire field: public java.util.Map org.openmrs.api.db.hibernate.HibernateSessionFactoryBean.interceptors; nested exception is org.springframework.beans.factory.CannotLoadBeanClassException: Cannot find class [org.openmrs.module.dicomecg.web.controller.DicomEcgPortletController] for bean with name &apos;dicomEcgPortletController&apos; defined in URL [file:/E:/Work64/dicomecg/api/target/classes/moduleApplicationContext.xml]; nested exception is java.lang.ClassNotFoundException: org.openmrs.module.dicomecg.web.controller.DicomEcgPortletController
	at org.springframework.beans.factory.annotation.AutowiredAnnotationBeanPostProcessor$AutowiredFieldElement.inject(AutowiredAnnotationBeanPostProcessor.java:502)
	at org.springframework.beans.factory.annotation.InjectionMetadata.inject(InjectionMetadata.java:84)
	at org.springframework.beans.factory.annotation.AutowiredAnnotationBeanPostProcessor.postProcessPropertyValues(AutowiredAnnotationBeanPostProcessor.java:282)
	... 75 more
Caused by: org.springframework.beans.factory.CannotLoadBeanClassException: Cannot find class [org.openmrs.module.dicomecg.web.controller.DicomEcgPortletController] for bean with name &apos;dicomEcgPortletController&apos; defined in URL [file:/E:/Work64/dicomecg/api/target/classes/moduleApplicationContext.xml]; nested exception is java.lang.ClassNotFoundException: org.openmrs.module.dicomecg.web.controller.DicomEcgPortletController
	at org.springframework.beans.factory.support.AbstractBeanFactory.resolveBeanClass(AbstractBeanFactory.java:1250)
	at org.springframework.beans.factory.support.AbstractAutowireCapableBeanFactory.predictBeanType(AbstractAutowireCapableBeanFactory.java:576)
	at org.springframework.beans.factory.support.AbstractBeanFactory.isFactoryBean(AbstractBeanFactory.java:1319)
	at org.springframework.beans.factory.support.DefaultListableBeanFactory.getBeanNamesForType(DefaultListableBeanFactory.java:315)
	at org.springframework.beans.factory.BeanFactoryUtils.beanNamesForTypeIncludingAncestors(BeanFactoryUtils.java:185)
	at org.springframework.beans.factory.support.DefaultListableBeanFactory.findAutowireCandidates(DefaultListableBeanFactory.java:829)
	at org.springframework.beans.factory.support.DefaultListableBeanFactory.doResolveDependency(DefaultListableBeanFactory.java:773)
	at org.springframework.beans.factory.support.DefaultListableBeanFactory.resolveDependency(DefaultListableBeanFactory.java:703)
	at org.springframework.beans.factory.annotation.AutowiredAnnotationBeanPostProcessor$AutowiredFieldElement.inject(AutowiredAnnotationBeanPostProcessor.java:474)
	... 77 more
Caused by: java.lang.ClassNotFoundException: org.openmrs.module.dicomecg.web.controller.DicomEcgPortletController
	at java.net.URLClassLoader$1.run(URLClassLoader.java:202)
	at java.security.AccessController.doPrivileged(Native Method)
	at java.net.URLClassLoader.findClass(URLClassLoader.java:190)
	at org.openmrs.util.OpenmrsClassLoader.loadClass(OpenmrsClassLoader.java:164)
	at java.lang.ClassLoader.loadClass(ClassLoader.java:247)
	at org.springframework.util.ClassUtils.forName(ClassUtils.java:257)
	at org.springframework.beans.factory.support.AbstractBeanDefinition.resolveBeanClass(AbstractBeanDefinition.java:408)
	at org.springframework.beans.factory.support.AbstractBeanFactory.doResolveBeanClass(AbstractBeanFactory.java:1271)
	at org.springframework.beans.factory.support.AbstractBeanFactory.resolveBeanClass(AbstractBeanFactory.java:1242)
	... 85 more
</system-out>
  </testcase>
  <testcase time="2.131" classname="org.openmrs.module.dicomecg.api.DicomEcgServiceTest" name="org.openmrs.module.dicomecg.api.DicomEcgServiceTest">
    <error message="contextDAO is null" type="org.openmrs.api.APIException">org.openmrs.api.APIException: contextDAO is null
	at org.openmrs.api.context.Context.getContextDAO(Context.java:173)
	at org.openmrs.api.context.Context.closeSession(Context.java:737)
	at org.openmrs.test.BaseContextSensitiveTest.closeSessionAfterEachClass(BaseContextSensitiveTest.java:698)
	at sun.reflect.NativeMethodAccessorImpl.invoke0(Native Method)
	at sun.reflect.NativeMethodAccessorImpl.invoke(NativeMethodAccessorImpl.java:39)
	at sun.reflect.DelegatingMethodAccessorImpl.invoke(DelegatingMethodAccessorImpl.java:25)
	at java.lang.reflect.Method.invoke(Method.java:597)
	at org.junit.runners.model.FrameworkMethod$1.runReflectiveCall(FrameworkMethod.java:44)
	at org.junit.internal.runners.model.ReflectiveCallable.run(ReflectiveCallable.java:15)
	at org.junit.runners.model.FrameworkMethod.invokeExplosively(FrameworkMethod.java:41)
	at org.junit.internal.runners.statements.RunAfters.evaluate(RunAfters.java:37)
	at org.springframework.test.context.junit4.statements.RunAfterTestClassCallbacks.evaluate(RunAfterTestClassCallbacks.java:70)
	at org.junit.runners.ParentRunner.run(ParentRunner.java:236)
	at org.springframework.test.context.junit4.SpringJUnit4ClassRunner.run(SpringJUnit4ClassRunner.java:180)
	at org.apache.maven.surefire.junit4.JUnit4TestSet.execute(JUnit4TestSet.java:53)
	at org.apache.maven.surefire.junit4.JUnit4Provider.executeTestSet(JUnit4Provider.java:123)
	at org.apache.maven.surefire.junit4.JUnit4Provider.invoke(JUnit4Provider.java:104)
	at sun.reflect.NativeMethodAccessorImpl.invoke0(Native Method)
	at sun.reflect.NativeMethodAccessorImpl.invoke(NativeMethodAccessorImpl.java:39)
	at sun.reflect.DelegatingMethodAccessorImpl.invoke(DelegatingMethodAccessorImpl.java:25)
	at java.lang.reflect.Method.invoke(Method.java:597)
	at org.apache.maven.surefire.util.ReflectionUtils.invokeMethodWithArray(ReflectionUtils.java:164)
	at org.apache.maven.surefire.booter.ProviderFactory$ProviderProxy.invoke(ProviderFactory.java:110)
	at org.apache.maven.surefire.booter.SurefireStarter.invokeProvider(SurefireStarter.java:175)
	at org.apache.maven.surefire.booter.SurefireStarter.runSuitesInProcessWhenForked(SurefireStarter.java:107)
	at org.apache.maven.surefire.booter.ForkedBooter.main(ForkedBooter.java:68)
</error>
  </testcase>
</testsuite>